<?xml version="1.0" encoding="UTF-8"?>
<testng-results skipped="0" failed="0" total="1" passed="1">
  <reporter-output>
  </reporter-output>
  <suite name="Suite" duration-ms="12672" started-at="2018-09-14T20:27:23Z" finished-at="2018-09-14T20:27:35Z">
    <groups>
    </groups>
    <test name="TestNg" duration-ms="12672" started-at="2018-09-14T20:27:23Z" finished-at="2018-09-14T20:27:35Z">
      <class name="com.Optile.TestNg.Testng">
        <test-method status="PASS" signature="beforeClass()[pri:0, instance:com.Optile.TestNg.Testng@3c09711b]" name="beforeClass" is-config="true" duration-ms="12664" started-at="2018-09-14T22:27:23Z" finished-at="2018-09-14T22:27:35Z">
          <reporter-output>
          </reporter-output>
        </test-method> <!-- beforeClass -->
        <test-method status="PASS" signature="f()[pri:0, instance:com.Optile.TestNg.Testng@3c09711b]" name="f" duration-ms="0" started-at="2018-09-14T22:27:35Z" finished-at="2018-09-14T22:27:35Z">
          <reporter-output>
          </reporter-output>
        </test-method> <!-- f -->
      </class> <!-- com.Optile.TestNg.Testng -->
    </test> <!-- TestNg -->
  </suite> <!-- Suite -->
</testng-results>
